[2026-03-21 17:02:23.819] [INFO] [src/main.cpp:49] ========================================
[2026-03-21 17:02:23.820] [INFO] [src/main.cpp:50]   Day15: Signal Handling
[2026-03-21 17:02:23.820] [INFO] [src/main.cpp:51] ========================================
[2026-03-21 17:02:23.820] [INFO] [src/main.cpp:52] Config file: (none)
[2026-03-21 17:02:23.820] [INFO] [src/main.cpp:53] Port: 8080
[2026-03-21 17:02:23.820] [INFO] [src/main.cpp:54] Reactor workers: 4
[2026-03-21 17:02:23.820] [INFO] [src/main.cpp:55] Task workers: 4
[2026-03-21 17:02:23.820] [INFO] [src/main.cpp:56] Connection timeout: 30 seconds
[2026-03-21 17:02:23.820] [INFO] [src/main.cpp:57] Task queue size: 100
[2026-03-21 17:02:23.820] [INFO] [src/main.cpp:58] Log level: INFO
[2026-03-21 17:02:23.820] [INFO] [src/main.cpp:59] Log file: server.log
[2026-03-21 17:02:23.820] [INFO] [src/main.cpp:60] Console log: enabled
[2026-03-21 17:02:23.820] [INFO] [src/main.cpp:64] ========================================
[2026-03-21 17:02:23.820] [INFO] [src/main.cpp:65]   ThreadPool Demo
[2026-03-21 17:02:23.820] [INFO] [src/main.cpp:66] ========================================
[2026-03-21 17:02:23.820] [INFO] [src/thread/ThreadPool.cpp:38] Started 4 worker threads
[2026-03-21 17:02:23.820] [INFO] [src/main.cpp:71] Submitting demo tasks to ThreadPool...
[2026-03-21 17:02:23.821] [INFO] [src/main.cpp:74] Worker 0 executing...
[2026-03-21 17:02:23.821] [INFO] [src/main.cpp:74] Worker 1 executing...
[2026-03-21 17:02:23.821] [INFO] [src/main.cpp:74] Worker 2 executing...
[2026-03-21 17:02:23.927] [INFO] [src/main.cpp:81] Demo tasks completed: 3 executed
[2026-03-21 17:02:23.929] [INFO] [src/net/Server.cpp:30] Server listening on port 8080
[2026-03-21 17:02:23.929] [INFO] [src/main.cpp:85] ========================================
[2026-03-21 17:02:23.929] [INFO] [src/main.cpp:86]   ReactorPool (Network I/O + Signal)
[2026-03-21 17:02:23.929] [INFO] [src/main.cpp:87] ========================================
[2026-03-21 17:02:23.929] [INFO] [src/signal/SignalHandler.cpp:41] Signal handler started
[2026-03-21 17:02:23.930] [INFO] [src/reactor/ReactorPool.cpp:42] Worker Reactor 0 started
[2026-03-21 17:02:23.930] [INFO] [src/reactor/ReactorPool.cpp:42] Worker Reactor 1 started
[2026-03-21 17:02:23.930] [INFO] [src/reactor/ReactorPool.cpp:42] Worker Reactor 2 started
[2026-03-21 17:02:23.930] [INFO] [src/reactor/ReactorPool.cpp:48] Main Reactor started
[2026-03-21 17:02:23.930] [INFO] [src/reactor/ReactorPool.cpp:42] Worker Reactor 3 started
[2026-03-21 17:02:35.506] [INFO] [src/signal/SignalHandler.cpp:120] Received SIGINT/SIGTERM, initiating shutdown...
[2026-03-21 17:02:35.506] [INFO] [src/main.cpp:92] Signal shutdown callback triggered
[2026-03-21 17:02:35.506] [INFO] [src/thread/ThreadPool.cpp:92] All workers stopped
[2026-03-21 17:02:35.506] [INFO] [src/main.cpp:106] signalHandler wait done
[2026-03-21 17:02:35.525] [INFO] [src/reactor/ReactorPool.cpp:44] Worker Reactor 3 stopped
[2026-03-21 17:02:35.539] [INFO] [src/reactor/ReactorPool.cpp:44] Worker Reactor 0 stopped
[2026-03-21 17:02:35.671] [INFO] [src/reactor/ReactorPool.cpp:44] Worker Reactor 1 stopped
[2026-03-21 17:02:36.500] [INFO] [src/reactor/ReactorPool.cpp:44] Worker Reactor 2 stopped
[2026-03-21 17:04:49.994] [INFO] [src/signal/SignalHandler.cpp:129] Received SIGHUP, reloading configuration...
[2026-03-21 17:04:49.994] [INFO] [src/main.cpp:98] Configuration reload requested
[2026-03-21 17:04:49.995] [INFO] [src/signal/SignalHandler.cpp:129] Received SIGHUP, reloading configuration...
[2026-03-21 17:04:49.995] [INFO] [src/main.cpp:98] Configuration reload requested
[2026-03-21 17:06:18.689] [INFO] [src/main.cpp:49] ========================================
[2026-03-21 17:06:18.689] [INFO] [src/main.cpp:50]   Day15: Signal Handling
[2026-03-21 17:06:18.689] [INFO] [src/main.cpp:51] ========================================
[2026-03-21 17:06:18.689] [INFO] [src/main.cpp:52] Config file: (none)
[2026-03-21 17:06:18.689] [INFO] [src/main.cpp:53] Port: 8080
[2026-03-21 17:06:18.689] [INFO] [src/main.cpp:54] Reactor workers: 4
[2026-03-21 17:06:18.689] [INFO] [src/main.cpp:55] Task workers: 4
[2026-03-21 17:06:18.689] [INFO] [src/main.cpp:56] Connection timeout: 30 seconds
[2026-03-21 17:06:18.689] [INFO] [src/main.cpp:57] Task queue size: 100
[2026-03-21 17:06:18.689] [INFO] [src/main.cpp:58] Log level: INFO
[2026-03-21 17:06:18.689] [INFO] [src/main.cpp:59] Log file: server.log
[2026-03-21 17:06:18.689] [INFO] [src/main.cpp:60] Console log: enabled
[2026-03-21 17:06:18.689] [INFO] [src/main.cpp:64] ========================================
[2026-03-21 17:06:18.689] [INFO] [src/main.cpp:65]   ThreadPool Demo
[2026-03-21 17:06:18.689] [INFO] [src/main.cpp:66] ========================================
[2026-03-21 17:06:18.690] [INFO] [src/thread/ThreadPool.cpp:38] Started 4 worker threads
[2026-03-21 17:06:18.690] [INFO] [src/main.cpp:71] Submitting demo tasks to ThreadPool...
[2026-03-21 17:06:18.690] [INFO] [src/main.cpp:74] Worker 0 executing...
[2026-03-21 17:06:18.690] [INFO] [src/main.cpp:74] Worker 1 executing...
[2026-03-21 17:06:18.690] [INFO] [src/main.cpp:74] Worker 2 executing...
[2026-03-21 17:06:18.797] [INFO] [src/main.cpp:81] Demo tasks completed: 3 executed
[2026-03-21 17:06:18.799] [INFO] [src/net/Server.cpp:30] Server listening on port 8080
[2026-03-21 17:06:18.799] [INFO] [src/main.cpp:85] ========================================
[2026-03-21 17:06:18.799] [INFO] [src/main.cpp:86]   ReactorPool (Network I/O + Signal)
[2026-03-21 17:06:18.799] [INFO] [src/main.cpp:87] ========================================
[2026-03-21 17:06:18.799] [INFO] [src/signal/SignalHandler.cpp:41] Signal handler started
[2026-03-21 17:06:18.800] [INFO] [src/reactor/ReactorPool.cpp:42] Worker Reactor 0 started
[2026-03-21 17:06:18.800] [INFO] [src/reactor/ReactorPool.cpp:42] Worker Reactor 1 started
[2026-03-21 17:06:18.800] [INFO] [src/reactor/ReactorPool.cpp:42] Worker Reactor 2 started
[2026-03-21 17:06:18.800] [INFO] [src/reactor/ReactorPool.cpp:48] Main Reactor started
[2026-03-21 17:06:18.800] [INFO] [src/reactor/ReactorPool.cpp:42] Worker Reactor 3 started
[2026-03-21 17:06:31.696] [INFO] [src/signal/SignalHandler.cpp:120] Received SIGINT/SIGTERM, initiating shutdown...
[2026-03-21 17:06:31.696] [INFO] [src/main.cpp:92] Signal shutdown callback triggered
[2026-03-21 17:06:31.696] [INFO] [src/thread/ThreadPool.cpp:92] All workers stopped
[2026-03-21 17:06:31.696] [INFO] [src/main.cpp:106] signalHandler wait done
[2026-03-21 17:06:31.696] [INFO] [src/net/Server.cpp:87] Accepted client: 127.0.0.1:47442 (fd=10)
[2026-03-21 17:06:31.696] [INFO] [src/net/Connection.cpp:96] Client disconnected: 127.0.0.1:47442
[2026-03-21 17:06:31.697] [INFO] [src/reactor/ReactorPool.cpp:44] Worker Reactor 0 stopped
[2026-03-21 17:06:31.884] [INFO] [src/reactor/ReactorPool.cpp:44] Worker Reactor 3 stopped
[2026-03-21 17:06:31.909] [INFO] [src/reactor/ReactorPool.cpp:44] Worker Reactor 2 stopped
[2026-03-21 17:06:31.950] [INFO] [src/reactor/ReactorPool.cpp:44] Worker Reactor 1 stopped
[2026-03-21 17:06:45.749] [INFO] [src/signal/SignalHandler.cpp:129] Received SIGHUP, reloading configuration...
[2026-03-21 17:06:45.749] [INFO] [src/main.cpp:98] Configuration reload requested
[2026-03-21 17:06:45.750] [INFO] [src/signal/SignalHandler.cpp:129] Received SIGHUP, reloading configuration...
[2026-03-21 17:06:45.750] [INFO] [src/main.cpp:98] Configuration reload requested
[2026-03-21 17:12:08.492] [INFO] [src/main.cpp:49] ========================================
[2026-03-21 17:12:08.493] [INFO] [src/main.cpp:50]   Day15: Signal Handling
[2026-03-21 17:12:08.493] [INFO] [src/main.cpp:51] ========================================
[2026-03-21 17:12:08.493] [INFO] [src/main.cpp:52] Config file: (none)
[2026-03-21 17:12:08.493] [INFO] [src/main.cpp:53] Port: 8080
[2026-03-21 17:12:08.493] [INFO] [src/main.cpp:54] Reactor workers: 4
[2026-03-21 17:12:08.493] [INFO] [src/main.cpp:55] Task workers: 4
[2026-03-21 17:12:08.493] [INFO] [src/main.cpp:56] Connection timeout: 30 seconds
[2026-03-21 17:12:08.493] [INFO] [src/main.cpp:57] Task queue size: 100
[2026-03-21 17:12:08.493] [INFO] [src/main.cpp:58] Log level: INFO
[2026-03-21 17:12:08.493] [INFO] [src/main.cpp:59] Log file: server.log
[2026-03-21 17:12:08.493] [INFO] [src/main.cpp:60] Console log: enabled
[2026-03-21 17:12:08.495] [INFO] [src/net/Server.cpp:30] Server listening on port 8080
[2026-03-21 17:12:08.495] [INFO] [src/main.cpp:64] ========================================
[2026-03-21 17:12:08.495] [INFO] [src/main.cpp:65]   ReactorPool (Network I/O + Signal)
[2026-03-21 17:12:08.495] [INFO] [src/main.cpp:66] ========================================
[2026-03-21 17:12:08.495] [INFO] [src/signal/SignalHandler.cpp:41] Signal handler started
[2026-03-21 17:12:08.495] [INFO] [src/reactor/ReactorPool.cpp:42] Worker Reactor 0 started
[2026-03-21 17:12:08.496] [INFO] [src/reactor/ReactorPool.cpp:48] Main Reactor started
[2026-03-21 17:12:08.496] [INFO] [src/reactor/ReactorPool.cpp:42] Worker Reactor 1 started
[2026-03-21 17:12:08.496] [INFO] [src/reactor/ReactorPool.cpp:42] Worker Reactor 3 started
[2026-03-21 17:12:08.496] [INFO] [src/reactor/ReactorPool.cpp:42] Worker Reactor 2 started
[2026-03-21 17:12:49.593] [INFO] [src/signal/SignalHandler.cpp:120] Received SIGINT/SIGTERM, initiating shutdown...
[2026-03-21 17:12:49.593] [INFO] [src/main.cpp:71] Signal shutdown callback triggered
[2026-03-21 17:12:49.593] [INFO] [src/main.cpp:73] Signal shutdown callback triggered end
[2026-03-21 17:12:49.593] [INFO] [src/main.cpp:85] signalHandler wait done
[2026-03-21 17:12:49.892] [INFO] [src/reactor/ReactorPool.cpp:44] Worker Reactor 1 stopped
[2026-03-21 17:12:50.035] [INFO] [src/reactor/ReactorPool.cpp:44] Worker Reactor 0 stopped
[2026-03-21 17:12:50.107] [INFO] [src/reactor/ReactorPool.cpp:44] Worker Reactor 3 stopped
[2026-03-21 17:12:50.111] [INFO] [src/reactor/ReactorPool.cpp:44] Worker Reactor 2 stopped
[2026-03-21 17:14:41.033] [INFO] [src/signal/SignalHandler.cpp:129] Received SIGHUP, reloading configuration...
[2026-03-21 17:14:41.033] [INFO] [src/main.cpp:77] Configuration reload requested
[2026-03-21 17:14:41.034] [INFO] [src/signal/SignalHandler.cpp:129] Received SIGHUP, reloading configuration...
[2026-03-21 17:14:41.034] [INFO] [src/main.cpp:77] Configuration reload requested
[2026-03-21 17:19:35.312] [INFO] [src/main.cpp:49] ========================================
[2026-03-21 17:19:35.312] [INFO] [src/main.cpp:50]   Day15: Signal Handling
[2026-03-21 17:19:35.312] [INFO] [src/main.cpp:51] ========================================
[2026-03-21 17:19:35.312] [INFO] [src/main.cpp:52] Config file: (none)
[2026-03-21 17:19:35.312] [INFO] [src/main.cpp:53] Port: 8080
[2026-03-21 17:19:35.312] [INFO] [src/main.cpp:54] Reactor workers: 4
[2026-03-21 17:19:35.312] [INFO] [src/main.cpp:55] Task workers: 4
[2026-03-21 17:19:35.312] [INFO] [src/main.cpp:56] Connection timeout: 30 seconds
[2026-03-21 17:19:35.312] [INFO] [src/main.cpp:57] Task queue size: 100
[2026-03-21 17:19:35.312] [INFO] [src/main.cpp:58] Log level: INFO
[2026-03-21 17:19:35.312] [INFO] [src/main.cpp:59] Log file: server.log
[2026-03-21 17:19:35.312] [INFO] [src/main.cpp:60] Console log: enabled
[2026-03-21 17:19:35.314] [INFO] [src/net/Server.cpp:30] Server listening on port 8080
[2026-03-21 17:19:35.314] [INFO] [src/main.cpp:64] ========================================
[2026-03-21 17:19:35.314] [INFO] [src/main.cpp:65]   ReactorPool (Network I/O + Signal)
[2026-03-21 17:19:35.314] [INFO] [src/main.cpp:66] ========================================
[2026-03-21 17:19:35.314] [INFO] [src/signal/SignalHandler.cpp:41] Signal handler started
[2026-03-21 17:19:35.315] [INFO] [src/reactor/ReactorPool.cpp:42] Worker Reactor 0 started
[2026-03-21 17:19:35.315] [INFO] [src/reactor/ReactorPool.cpp:42] Worker Reactor 1 started
[2026-03-21 17:19:35.315] [INFO] [src/reactor/ReactorPool.cpp:48] Main Reactor started
[2026-03-21 17:19:35.315] [INFO] [src/reactor/ReactorPool.cpp:42] Worker Reactor 2 started
[2026-03-21 17:19:35.315] [INFO] [src/reactor/ReactorPool.cpp:44] Worker Reactor 2 stopped
[2026-03-21 17:19:35.315] [INFO] [src/reactor/ReactorPool.cpp:42] Worker Reactor 3 started
[2026-03-21 17:19:35.315] [INFO] [src/main.cpp:85] signalHandler wait done
[2026-03-21 17:19:35.315] [INFO] [src/reactor/ReactorPool.cpp:44] Worker Reactor 0 stopped
[2026-03-21 17:19:35.315] [INFO] [src/reactor/ReactorPool.cpp:44] Worker Reactor 1 stopped
[2026-03-21 17:19:35.315] [INFO] [src/reactor/ReactorPool.cpp:44] Worker Reactor 3 stopped
[2026-03-21 17:19:35.315] [INFO] [src/reactor/ReactorPool.cpp:73] Main Reactor stopped
[2026-03-21 17:19:35.315] [INFO] [src/main.cpp:89] ========================================
[2026-03-21 17:19:35.316] [INFO] [src/main.cpp:90]   Final Statistics
[2026-03-21 17:19:35.316] [INFO] [src/main.cpp:91] Connections handled by ReactorPool: 0
[2026-03-21 17:19:35.316] [INFO] [src/main.cpp:98] Server stopped gracefully
[2026-03-21 17:20:24.843] [INFO] [src/main.cpp:49] ========================================
[2026-03-21 17:20:24.844] [INFO] [src/main.cpp:50]   Day15: Signal Handling
[2026-03-21 17:20:24.844] [INFO] [src/main.cpp:51] ========================================
[2026-03-21 17:20:24.844] [INFO] [src/main.cpp:52] Config file: (none)
[2026-03-21 17:20:24.844] [INFO] [src/main.cpp:53] Port: 8080
[2026-03-21 17:20:24.844] [INFO] [src/main.cpp:54] Reactor workers: 4
[2026-03-21 17:20:24.844] [INFO] [src/main.cpp:55] Task workers: 4
[2026-03-21 17:20:24.844] [INFO] [src/main.cpp:56] Connection timeout: 30 seconds
[2026-03-21 17:20:24.844] [INFO] [src/main.cpp:57] Task queue size: 100
[2026-03-21 17:20:24.844] [INFO] [src/main.cpp:58] Log level: INFO
[2026-03-21 17:20:24.844] [INFO] [src/main.cpp:59] Log file: server.log
[2026-03-21 17:20:24.844] [INFO] [src/main.cpp:60] Console log: enabled
[2026-03-21 17:20:24.845] [INFO] [src/net/Server.cpp:30] Server listening on port 8080
[2026-03-21 17:20:24.845] [INFO] [src/main.cpp:64] ========================================
[2026-03-21 17:20:24.845] [INFO] [src/main.cpp:65]   ReactorPool (Network I/O + Signal)
[2026-03-21 17:20:24.845] [INFO] [src/main.cpp:66] ========================================
[2026-03-21 17:20:24.845] [INFO] [src/signal/SignalHandler.cpp:41] Signal handler started
[2026-03-21 17:20:24.845] [INFO] [src/reactor/ReactorPool.cpp:42] Worker Reactor 0 started
[2026-03-21 17:20:24.845] [INFO] [src/reactor/ReactorPool.cpp:48] Main Reactor started
[2026-03-21 17:20:24.845] [INFO] [src/reactor/ReactorPool.cpp:42] Worker Reactor 1 started
[2026-03-21 17:20:24.846] [INFO] [src/reactor/ReactorPool.cpp:44] Worker Reactor 0 stopped
[2026-03-21 17:20:24.846] [INFO] [src/reactor/ReactorPool.cpp:42] Worker Reactor 2 started
[2026-03-21 17:20:24.846] [INFO] [src/reactor/ReactorPool.cpp:44] Worker Reactor 1 stopped
[2026-03-21 17:20:24.846] [INFO] [src/reactor/ReactorPool.cpp:42] Worker Reactor 3 started
[2026-03-21 17:20:24.846] [INFO] [src/reactor/ReactorPool.cpp:44] Worker Reactor 2 stopped
[2026-03-21 17:20:24.846] [INFO] [src/reactor/ReactorPool.cpp:44] Worker Reactor 3 stopped
[2026-03-21 17:20:26.121] [INFO] [src/signal/SignalHandler.cpp:120] Received SIGINT/SIGTERM, initiating shutdown...
[2026-03-21 17:20:26.121] [INFO] [src/main.cpp:71] Signal shutdown callback triggered
[2026-03-21 17:20:26.121] [INFO] [src/main.cpp:73] Signal shutdown callback triggered end
[2026-03-21 17:20:26.121] [INFO] [src/main.cpp:85] signalHandler wait done
[2026-03-21 17:20:26.122] [INFO] [src/reactor/ReactorPool.cpp:73] Main Reactor stopped
[2026-03-21 17:20:26.122] [INFO] [src/main.cpp:89] ========================================
[2026-03-21 17:20:26.122] [INFO] [src/main.cpp:90]   Final Statistics
[2026-03-21 17:20:26.122] [INFO] [src/main.cpp:91] Connections handled by ReactorPool: 0
[2026-03-21 17:20:26.122] [INFO] [src/main.cpp:98] Server stopped gracefully
[2026-03-21 17:21:07.034] [INFO] [src/main.cpp:49] ========================================
[2026-03-21 17:21:07.034] [INFO] [src/main.cpp:50]   Day15: Signal Handling
[2026-03-21 17:21:07.034] [INFO] [src/main.cpp:51] ========================================
[2026-03-21 17:21:07.034] [INFO] [src/main.cpp:52] Config file: (none)
[2026-03-21 17:21:07.034] [INFO] [src/main.cpp:53] Port: 8080
[2026-03-21 17:21:07.034] [INFO] [src/main.cpp:54] Reactor workers: 4
[2026-03-21 17:21:07.034] [INFO] [src/main.cpp:55] Task workers: 4
[2026-03-21 17:21:07.034] [INFO] [src/main.cpp:56] Connection timeout: 30 seconds
[2026-03-21 17:21:07.034] [INFO] [src/main.cpp:57] Task queue size: 100
[2026-03-21 17:21:07.034] [INFO] [src/main.cpp:58] Log level: INFO
[2026-03-21 17:21:07.034] [INFO] [src/main.cpp:59] Log file: server.log
[2026-03-21 17:21:07.034] [INFO] [src/main.cpp:60] Console log: enabled
[2026-03-21 17:21:07.036] [INFO] [src/net/Server.cpp:30] Server listening on port 8080
[2026-03-21 17:21:07.036] [INFO] [src/main.cpp:64] ========================================
[2026-03-21 17:21:07.036] [INFO] [src/main.cpp:65]   ReactorPool (Network I/O + Signal)
[2026-03-21 17:21:07.036] [INFO] [src/main.cpp:66] ========================================
[2026-03-21 17:21:07.036] [INFO] [src/signal/SignalHandler.cpp:41] Signal handler started
[2026-03-21 17:21:07.037] [INFO] [src/reactor/ReactorPool.cpp:42] Worker Reactor 0 started
[2026-03-21 17:21:07.037] [INFO] [src/reactor/ReactorPool.cpp:42] Worker Reactor 1 started
[2026-03-21 17:21:07.037] [INFO] [src/reactor/ReactorPool.cpp:42] Worker Reactor 2 started
[2026-03-21 17:21:07.037] [INFO] [src/reactor/ReactorPool.cpp:44] Worker Reactor 1 stopped
[2026-03-21 17:21:07.037] [INFO] [src/reactor/ReactorPool.cpp:48] Main Reactor started
[2026-03-21 17:21:07.037] [INFO] [src/reactor/ReactorPool.cpp:44] Worker Reactor 0 stopped
[2026-03-21 17:21:07.037] [INFO] [src/main.cpp:85] signalHandler wait done
[2026-03-21 17:21:07.037] [INFO] [src/reactor/ReactorPool.cpp:42] Worker Reactor 3 started
[2026-03-21 17:21:07.037] [INFO] [src/reactor/ReactorPool.cpp:44] Worker Reactor 2 stopped
[2026-03-21 17:21:07.037] [INFO] [src/reactor/ReactorPool.cpp:44] Worker Reactor 3 stopped
[2026-03-21 17:21:07.037] [INFO] [src/reactor/ReactorPool.cpp:73] Main Reactor stopped
[2026-03-21 17:21:07.037] [INFO] [src/main.cpp:89] ========================================
[2026-03-21 17:21:07.037] [INFO] [src/main.cpp:90]   Final Statistics
[2026-03-21 17:21:07.037] [INFO] [src/main.cpp:91] Connections handled by ReactorPool: 0
[2026-03-21 17:21:07.037] [INFO] [src/main.cpp:98] Server stopped gracefully
[2026-03-21 17:23:22.915] [INFO] [src/main.cpp:49] ========================================
[2026-03-21 17:23:22.916] [INFO] [src/main.cpp:50]   Day15: Signal Handling
[2026-03-21 17:23:22.916] [INFO] [src/main.cpp:51] ========================================
[2026-03-21 17:23:22.916] [INFO] [src/main.cpp:52] Config file: (none)
[2026-03-21 17:23:22.916] [INFO] [src/main.cpp:53] Port: 8080
[2026-03-21 17:23:22.916] [INFO] [src/main.cpp:54] Reactor workers: 4
[2026-03-21 17:23:22.916] [INFO] [src/main.cpp:55] Task workers: 4
[2026-03-21 17:23:22.916] [INFO] [src/main.cpp:56] Connection timeout: 30 seconds
[2026-03-21 17:23:22.916] [INFO] [src/main.cpp:57] Task queue size: 100
[2026-03-21 17:23:22.916] [INFO] [src/main.cpp:58] Log level: INFO
[2026-03-21 17:23:22.916] [INFO] [src/main.cpp:59] Log file: server.log
[2026-03-21 17:23:22.916] [INFO] [src/main.cpp:60] Console log: enabled
[2026-03-21 17:23:22.918] [INFO] [src/net/Server.cpp:30] Server listening on port 8080
[2026-03-21 17:23:22.918] [INFO] [src/main.cpp:64] ========================================
[2026-03-21 17:23:22.918] [INFO] [src/main.cpp:65]   ReactorPool (Network I/O + Signal)
[2026-03-21 17:23:22.918] [INFO] [src/main.cpp:66] ========================================
[2026-03-21 17:23:22.918] [INFO] [src/signal/SignalHandler.cpp:41] Signal handler started
[2026-03-21 17:23:22.918] [INFO] [src/reactor/ReactorPool.cpp:48] Main Reactor started
[2026-03-21 17:23:22.918] [INFO] [src/reactor/ReactorPool.cpp:42] Worker Reactor 0 started
[2026-03-21 17:23:22.918] [INFO] [src/reactor/ReactorPool.cpp:42] Worker Reactor 2 started
[2026-03-21 17:23:22.918] [INFO] [src/main.cpp:85] signalHandler wait done
[2026-03-21 17:23:22.918] [INFO] [src/reactor/ReactorPool.cpp:42] Worker Reactor 3 started
[2026-03-21 17:23:22.918] [INFO] [src/reactor/ReactorPool.cpp:42] Worker Reactor 1 started
[2026-03-21 17:23:31.477] [INFO] [src/signal/SignalHandler.cpp:120] Received SIGINT/SIGTERM, initiating shutdown...
[2026-03-21 17:23:31.478] [INFO] [src/main.cpp:71] Signal shutdown callback triggered
[2026-03-21 17:23:31.478] [INFO] [src/main.cpp:73] Signal shutdown callback triggered end
[2026-03-21 17:23:31.970] [INFO] [src/reactor/ReactorPool.cpp:44] Worker Reactor 2 stopped
[2026-03-21 17:23:32.000] [INFO] [src/reactor/ReactorPool.cpp:44] Worker Reactor 1 stopped
[2026-03-21 17:23:32.002] [INFO] [src/reactor/ReactorPool.cpp:44] Worker Reactor 0 stopped
[2026-03-21 17:23:32.013] [INFO] [src/reactor/ReactorPool.cpp:44] Worker Reactor 3 stopped
[2026-03-21 17:23:32.013] [INFO] [src/reactor/ReactorPool.cpp:73] Main Reactor stopped
[2026-03-21 17:23:32.013] [INFO] [src/main.cpp:89] ========================================
[2026-03-21 17:23:32.013] [INFO] [src/main.cpp:90]   Final Statistics
[2026-03-21 17:23:32.013] [INFO] [src/main.cpp:91] Connections handled by ReactorPool: 0
[2026-03-21 17:23:32.013] [INFO] [src/main.cpp:98] Server stopped gracefully
[2026-03-21 17:23:53.611] [INFO] [src/main.cpp:49] ========================================
[2026-03-21 17:23:53.611] [INFO] [src/main.cpp:50]   Day15: Signal Handling
[2026-03-21 17:23:53.611] [INFO] [src/main.cpp:51] ========================================
[2026-03-21 17:23:53.612] [INFO] [src/main.cpp:52] Config file: (none)
[2026-03-21 17:23:53.612] [INFO] [src/main.cpp:53] Port: 8080
[2026-03-21 17:23:53.612] [INFO] [src/main.cpp:54] Reactor workers: 4
[2026-03-21 17:23:53.612] [INFO] [src/main.cpp:55] Task workers: 4
[2026-03-21 17:23:53.612] [INFO] [src/main.cpp:56] Connection timeout: 30 seconds
[2026-03-21 17:23:53.612] [INFO] [src/main.cpp:57] Task queue size: 100
[2026-03-21 17:23:53.612] [INFO] [src/main.cpp:58] Log level: INFO
[2026-03-21 17:23:53.612] [INFO] [src/main.cpp:59] Log file: server.log
[2026-03-21 17:23:53.612] [INFO] [src/main.cpp:60] Console log: enabled
[2026-03-21 17:23:53.614] [INFO] [src/net/Server.cpp:30] Server listening on port 8080
[2026-03-21 17:23:53.614] [INFO] [src/main.cpp:64] ========================================
[2026-03-21 17:23:53.614] [INFO] [src/main.cpp:65]   ReactorPool (Network I/O + Signal)
[2026-03-21 17:23:53.614] [INFO] [src/main.cpp:66] ========================================
[2026-03-21 17:23:53.614] [INFO] [src/signal/SignalHandler.cpp:41] Signal handler started
[2026-03-21 17:23:53.614] [INFO] [src/reactor/ReactorPool.cpp:42] Worker Reactor 0 started
[2026-03-21 17:23:53.614] [INFO] [src/reactor/ReactorPool.cpp:42] Worker Reactor 1 started
[2026-03-21 17:23:53.614] [INFO] [src/reactor/ReactorPool.cpp:42] Worker Reactor 3 started
[2026-03-21 17:23:53.614] [INFO] [src/reactor/ReactorPool.cpp:48] Main Reactor started
[2026-03-21 17:23:53.614] [INFO] [src/reactor/ReactorPool.cpp:42] Worker Reactor 2 started
[2026-03-21 17:23:53.614] [INFO] [src/main.cpp:85] signalHandler wait done
[2026-03-21 17:23:56.824] [INFO] [src/signal/SignalHandler.cpp:120] Received SIGINT/SIGTERM, initiating shutdown...
[2026-03-21 17:23:56.824] [INFO] [src/main.cpp:71] Signal shutdown callback triggered
[2026-03-21 17:23:56.824] [INFO] [src/main.cpp:73] Signal shutdown callback triggered end
[2026-03-21 17:23:57.624] [INFO] [src/reactor/ReactorPool.cpp:44] Worker Reactor 2 stopped
[2026-03-21 17:23:57.637] [INFO] [src/reactor/ReactorPool.cpp:44] Worker Reactor 1 stopped
[2026-03-21 17:23:57.641] [INFO] [src/reactor/ReactorPool.cpp:44] Worker Reactor 3 stopped
[2026-03-21 17:23:57.683] [INFO] [src/reactor/ReactorPool.cpp:44] Worker Reactor 0 stopped
[2026-03-21 17:23:57.684] [INFO] [src/reactor/ReactorPool.cpp:73] Main Reactor stopped
[2026-03-21 17:23:57.684] [INFO] [src/main.cpp:89] ========================================
[2026-03-21 17:23:57.684] [INFO] [src/main.cpp:90]   Final Statistics
[2026-03-21 17:23:57.684] [INFO] [src/main.cpp:91] Connections handled by ReactorPool: 0
[2026-03-21 17:23:57.684] [INFO] [src/main.cpp:98] Server stopped gracefully
[2026-03-21 17:53:05.432] [INFO] [src/main.cpp:49] ========================================
[2026-03-21 17:53:05.432] [INFO] [src/main.cpp:50]   Day16: Network Options
[2026-03-21 17:53:05.432] [INFO] [src/main.cpp:51] ========================================
[2026-03-21 17:53:05.432] [INFO] [src/main.cpp:52] Config file: (none)
[2026-03-21 17:53:05.432] [INFO] [src/main.cpp:53] Port: 8080
[2026-03-21 17:53:05.432] [INFO] [src/main.cpp:54] Reactor workers: 4
[2026-03-21 17:53:05.433] [INFO] [src/main.cpp:55] Task workers: 4
[2026-03-21 17:53:05.433] [INFO] [src/main.cpp:56] Connection timeout: 30 seconds
[2026-03-21 17:53:05.433] [INFO] [src/main.cpp:57] Task queue size: 100
[2026-03-21 17:53:05.433] [INFO] [src/main.cpp:58] Log level: INFO
[2026-03-21 17:53:05.433] [INFO] [src/main.cpp:59] Log file: server.log
[2026-03-21 17:53:05.433] [INFO] [src/main.cpp:60] Console log: enabled
[2026-03-21 17:53:05.435] [INFO] [src/net/Server.cpp:30] Server listening on port 8080
[2026-03-21 17:53:05.435] [INFO] [src/main.cpp:64] ========================================
[2026-03-21 17:53:05.435] [INFO] [src/main.cpp:65]   ReactorPool (Network I/O + Signal)
[2026-03-21 17:53:05.435] [INFO] [src/main.cpp:66] ========================================
[2026-03-21 17:53:05.435] [INFO] [src/signal/SignalHandler.cpp:41] Signal handler started
[2026-03-21 17:53:05.435] [INFO] [src/reactor/ReactorPool.cpp:42] Worker Reactor 0 started
[2026-03-21 17:53:05.435] [INFO] [src/reactor/ReactorPool.cpp:42] Worker Reactor 1 started
[2026-03-21 17:53:05.435] [INFO] [src/reactor/ReactorPool.cpp:42] Worker Reactor 2 started
[2026-03-21 17:53:05.436] [INFO] [src/reactor/ReactorPool.cpp:48] Main Reactor started
[2026-03-21 17:53:05.436] [INFO] [src/reactor/ReactorPool.cpp:42] Worker Reactor 3 started
[2026-03-21 17:53:05.436] [INFO] [src/main.cpp:83] signalHandler wait done
[2026-03-21 17:53:08.437] [INFO] [src/signal/SignalHandler.cpp:120] Received SIGINT/SIGTERM, initiating shutdown...
[2026-03-21 17:53:08.437] [INFO] [src/main.cpp:71] Signal shutdown callback triggered
[2026-03-21 17:53:08.437] [INFO] [src/main.cpp:73] Signal shutdown callback triggered end
[2026-03-21 17:53:08.441] [INFO] [src/reactor/ReactorPool.cpp:44] Worker Reactor 0 stopped
[2026-03-21 17:53:08.443] [INFO] [src/reactor/ReactorPool.cpp:44] Worker Reactor 1 stopped
[2026-03-21 17:53:08.445] [INFO] [src/reactor/ReactorPool.cpp:44] Worker Reactor 2 stopped
[2026-03-21 17:53:08.478] [INFO] [src/reactor/ReactorPool.cpp:44] Worker Reactor 3 stopped
[2026-03-21 17:53:08.479] [INFO] [src/reactor/ReactorPool.cpp:73] Main Reactor stopped
[2026-03-21 17:53:08.479] [INFO] [src/main.cpp:87] ========================================
[2026-03-21 17:53:08.479] [INFO] [src/main.cpp:88]   Final Statistics
[2026-03-21 17:53:08.479] [INFO] [src/main.cpp:89] Connections handled by ReactorPool: 0
[2026-03-21 17:53:08.479] [INFO] [src/main.cpp:96] Server stopped gracefully
[2026-03-21 17:53:36.358] [INFO] [src/main.cpp:49] ========================================
[2026-03-21 17:53:36.358] [INFO] [src/main.cpp:50]   Day16: Network Options
[2026-03-21 17:53:36.358] [INFO] [src/main.cpp:51] ========================================
[2026-03-21 17:53:36.358] [INFO] [src/main.cpp:52] Config file: (none)
[2026-03-21 17:53:36.358] [INFO] [src/main.cpp:53] Port: 8080
[2026-03-21 17:53:36.358] [INFO] [src/main.cpp:54] Reactor workers: 4
[2026-03-21 17:53:36.358] [INFO] [src/main.cpp:55] Task workers: 4
[2026-03-21 17:53:36.358] [INFO] [src/main.cpp:56] Connection timeout: 30 seconds
[2026-03-21 17:53:36.358] [INFO] [src/main.cpp:57] Task queue size: 100
[2026-03-21 17:53:36.358] [INFO] [src/main.cpp:58] Log level: INFO
[2026-03-21 17:53:36.358] [INFO] [src/main.cpp:59] Log file: server.log
[2026-03-21 17:53:36.358] [INFO] [src/main.cpp:60] Console log: enabled
[2026-03-21 17:53:36.360] [INFO] [src/net/Server.cpp:67] Server socket options: REUSEADDR=on, REUSEPORT=off, NONBLOCK=on
[2026-03-21 17:53:36.360] [INFO] [src/net/Server.cpp:30] Server listening on port 8080
[2026-03-21 17:53:36.360] [INFO] [src/main.cpp:64] ========================================
[2026-03-21 17:53:36.360] [INFO] [src/main.cpp:65]   ReactorPool (Network I/O + Signal)
[2026-03-21 17:53:36.360] [INFO] [src/main.cpp:66] ========================================
[2026-03-21 17:53:36.360] [INFO] [src/signal/SignalHandler.cpp:41] Signal handler started
[2026-03-21 17:53:36.361] [INFO] [src/reactor/ReactorPool.cpp:42] Worker Reactor 0 started
[2026-03-21 17:53:36.361] [INFO] [src/reactor/ReactorPool.cpp:42] Worker Reactor 1 started
[2026-03-21 17:53:36.361] [INFO] [src/reactor/ReactorPool.cpp:42] Worker Reactor 3 started
[2026-03-21 17:53:36.361] [INFO] [src/reactor/ReactorPool.cpp:42] Worker Reactor 2 started
[2026-03-21 17:53:36.361] [INFO] [src/reactor/ReactorPool.cpp:48] Main Reactor started
[2026-03-21 17:53:36.361] [INFO] [src/main.cpp:83] signalHandler wait done
[2026-03-21 17:53:39.368] [INFO] [src/signal/SignalHandler.cpp:120] Received SIGINT/SIGTERM, initiating shutdown...
[2026-03-21 17:53:39.368] [INFO] [src/main.cpp:71] Signal shutdown callback triggered
[2026-03-21 17:53:39.368] [INFO] [src/main.cpp:73] Signal shutdown callback triggered end
[2026-03-21 17:53:39.369] [INFO] [src/reactor/ReactorPool.cpp:44] Worker Reactor 1 stopped
[2026-03-21 17:53:39.369] [INFO] [src/reactor/ReactorPool.cpp:44] Worker Reactor 2 stopped
[2026-03-21 17:53:39.369] [INFO] [src/reactor/ReactorPool.cpp:44] Worker Reactor 3 stopped
[2026-03-21 17:53:40.371] [INFO] [src/reactor/ReactorPool.cpp:44] Worker Reactor 0 stopped
[2026-03-21 17:53:40.371] [INFO] [src/reactor/ReactorPool.cpp:73] Main Reactor stopped
[2026-03-21 17:53:40.371] [INFO] [src/main.cpp:87] ========================================
[2026-03-21 17:53:40.371] [INFO] [src/main.cpp:88]   Final Statistics
[2026-03-21 17:53:40.371] [INFO] [src/main.cpp:89] Connections handled by ReactorPool: 0
[2026-03-21 17:53:40.371] [INFO] [src/main.cpp:96] Server stopped gracefully
[2026-03-21 17:57:42.651] [INFO] [src/main.cpp:49] ========================================
[2026-03-21 17:57:42.651] [INFO] [src/main.cpp:50]   Day16: Network Options
[2026-03-21 17:57:42.651] [INFO] [src/main.cpp:51] ========================================
[2026-03-21 17:57:42.651] [INFO] [src/main.cpp:52] Config file: (none)
[2026-03-21 17:57:42.651] [INFO] [src/main.cpp:53] Port: 8080
[2026-03-21 17:57:42.651] [INFO] [src/main.cpp:54] Reactor workers: 4
[2026-03-21 17:57:42.651] [INFO] [src/main.cpp:55] Task workers: 4
[2026-03-21 17:57:42.651] [INFO] [src/main.cpp:56] Connection timeout: 30 seconds
[2026-03-21 17:57:42.651] [INFO] [src/main.cpp:57] Task queue size: 100
[2026-03-21 17:57:42.651] [INFO] [src/main.cpp:58] Log level: INFO
[2026-03-21 17:57:42.651] [INFO] [src/main.cpp:59] Log file: server.log
[2026-03-21 17:57:42.651] [INFO] [src/main.cpp:60] Console log: enabled
[2026-03-21 17:57:42.653] [INFO] [src/net/Server.cpp:67] Server socket options: REUSEADDR=on, REUSEPORT=off, NONBLOCK=on
[2026-03-21 17:57:42.653] [INFO] [src/net/Server.cpp:30] Server listening on port 8080
[2026-03-21 17:57:42.653] [INFO] [src/main.cpp:64] ========================================
[2026-03-21 17:57:42.653] [INFO] [src/main.cpp:65]   ReactorPool (Network I/O + Signal)
[2026-03-21 17:57:42.653] [INFO] [src/main.cpp:66] ========================================
[2026-03-21 17:57:42.653] [INFO] [src/signal/SignalHandler.cpp:41] Signal handler started
[2026-03-21 17:57:42.654] [INFO] [src/reactor/ReactorPool.cpp:42] Worker Reactor 0 started
[2026-03-21 17:57:42.654] [INFO] [src/reactor/ReactorPool.cpp:42] Worker Reactor 3 started
[2026-03-21 17:57:42.654] [INFO] [src/reactor/ReactorPool.cpp:48] Main Reactor started
[2026-03-21 17:57:42.654] [INFO] [src/reactor/ReactorPool.cpp:42] Worker Reactor 1 started
[2026-03-21 17:57:42.654] [INFO] [src/reactor/ReactorPool.cpp:42] Worker Reactor 2 started
[2026-03-21 17:57:42.654] [INFO] [src/main.cpp:83] signalHandler wait done
[2026-03-21 17:57:48.102] [INFO] [src/net/Server.cpp:96] Accepted client: 127.0.0.1:46920 (fd=10)
[2026-03-21 17:57:48.969] [INFO] [src/net/Connection.cpp:100] Client disconnected: 127.0.0.1:46920
[2026-03-21 17:57:50.091] [INFO] [src/net/Server.cpp:96] Accepted client: 127.0.0.1:46922 (fd=10)
[2026-03-21 17:57:53.318] [INFO] [src/net/Connection.cpp:100] Client disconnected: 127.0.0.1:46922
[2026-03-21 17:57:57.018] [INFO] [src/signal/SignalHandler.cpp:120] Received SIGINT/SIGTERM, initiating shutdown...
[2026-03-21 17:57:57.018] [INFO] [src/main.cpp:71] Signal shutdown callback triggered
[2026-03-21 17:57:57.018] [INFO] [src/main.cpp:73] Signal shutdown callback triggered end
[2026-03-21 17:57:57.046] [INFO] [src/reactor/ReactorPool.cpp:44] Worker Reactor 0 stopped
[2026-03-21 17:57:57.360] [INFO] [src/reactor/ReactorPool.cpp:44] Worker Reactor 1 stopped
[2026-03-21 17:57:57.739] [INFO] [src/reactor/ReactorPool.cpp:44] Worker Reactor 2 stopped
[2026-03-21 17:57:57.742] [INFO] [src/reactor/ReactorPool.cpp:44] Worker Reactor 3 stopped
[2026-03-21 17:57:57.742] [INFO] [src/reactor/ReactorPool.cpp:73] Main Reactor stopped
[2026-03-21 17:57:57.742] [INFO] [src/main.cpp:87] ========================================
[2026-03-21 17:57:57.742] [INFO] [src/main.cpp:88]   Final Statistics
[2026-03-21 17:57:57.742] [INFO] [src/main.cpp:89] Connections handled by ReactorPool: 2
[2026-03-21 17:57:57.743] [INFO] [src/main.cpp:96] Server stopped gracefully
